[Ethan Must Die Trainer] Destroyed a normal crate.
[Ethan Must Die Trainer] Forcing item ChemicalM
[Ethan Must Die Trainer] Destroyed a rare crate.
[Ethan Must Die Trainer] Forcing weapon Burner...
[Ethan Must Die Trainer] Destroyed a normal crate.
[Ethan Must Die Trainer] Forcing item Gunpowder
[Ethan Must Die Trainer] Destroyed a normal crate.
[Ethan Must Die Trainer] Forcing item ChemicalM
[Ethan Must Die Trainer] Destroyed a rare crate.
[Ethan Must Die Trainer] Forcing weapon Shotgun_DB...
[Ethan Must Die Trainer] Destroyed a superrare crate.
[Ethan Must Die Trainer] Forcing item MachineGun
[Ethan Must Die Trainer] Forcing weapon Handgun_M19...
[Ethan Must Die Trainer] Destroyed a normal crate.
[Ethan Must Die Trainer] Forcing item ChemicalM
[Ethan Must Die Trainer] Forcing weapon Gunpowder...
[Ethan Must Die Trainer] Destroyed a normal crate.
[Ethan Must Die Trainer] Forcing item ChemicalM
[Ethan Must Die Trainer] Forcing weapon Gunpowder...
[Ethan Must Die Trainer] Destroyed a rare crate.
[Ethan Must Die Trainer] Forcing item Burner
[Ethan Must Die Trainer] Forcing weapon Shotgun_DB...
[Ethan Must Die Trainer] Destroyed a rare crate.
[Ethan Must Die Trainer] Forcing item ShotgunBullet
[Ethan Must Die Trainer] Forcing weapon ShotgunBullet...
[Ethan Must Die Trainer] Destroyed a rare crate.
[Ethan Must Die Trainer] Forcing item Burner
[Ethan Must Die Trainer] Forcing weapon Shotgun_DB...
[Ethan Must Die Trainer] Destroyed a rare crate.
[Ethan Must Die Trainer] Forcing item ShotgunBullet
[Ethan Must Die Trainer] Forcing weapon ShotgunBullet...
[Ethan Must Die Trainer] Destroyed a rare crate.
[Ethan Must Die Trainer] Forcing item Burner
[Ethan Must Die Trainer] Forcing weapon Shotgun_DB...
